Determining if the function kstat_lookup exists in the kstat failed with the following output:
Change Dir: /home/toto/.env/encours/neovim/build/CMakeFiles/CMakeTmp

Run Build Command:"/usr/bin/make" "cmTC_36ca2/fast"
make[1] : on entre dans le répertoire « /home/toto/.env/encours/neovim/build/CMakeFiles/CMakeTmp »
/usr/bin/make -f CMakeFiles/cmTC_36ca2.dir/build.make CMakeFiles/cmTC_36ca2.dir/build
make[2] : on entre dans le répertoire « /home/toto/.env/encours/neovim/build/CMakeFiles/CMakeTmp »
Building C object CMakeFiles/cmTC_36ca2.dir/CheckFunctionExists.c.o
/usr/bin/cc   -DCHECK_FUNCTION_EXISTS=kstat_lookup -g   -o CMakeFiles/cmTC_36ca2.dir/CheckFunctionExists.c.o   -c /usr/share/cmake-3.10/Modules/CheckFunctionExists.c
Linking C executable cmTC_36ca2
/usr/bin/cmake -E cmake_link_script CMakeFiles/cmTC_36ca2.dir/link.txt --verbose=1
/usr/bin/cc  -DCHECK_FUNCTION_EXISTS=kstat_lookup -g    CMakeFiles/cmTC_36ca2.dir/CheckFunctionExists.c.o  -o cmTC_36ca2  -L/home/toto/.env/encours/neovim/build/CMakeFiles/CMakeTmp/kstat.h -Wl,-rpath,/home/toto/.env/encours/neovim/build/CMakeFiles/CMakeTmp/kstat.h -lkstat 
/usr/bin/ld : ne peut trouver -lkstat
collect2: error: ld returned 1 exit status
CMakeFiles/cmTC_36ca2.dir/build.make:97: recipe for target 'cmTC_36ca2' failed
make[2]: *** [cmTC_36ca2] Error 1
make[2] : on quitte le répertoire « /home/toto/.env/encours/neovim/build/CMakeFiles/CMakeTmp »
Makefile:126: recipe for target 'cmTC_36ca2/fast' failed
make[1]: *** [cmTC_36ca2/fast] Error 2
make[1] : on quitte le répertoire « /home/toto/.env/encours/neovim/build/CMakeFiles/CMakeTmp »


Determining if the function kvm_open exists in the kvm failed with the following output:
Change Dir: /home/toto/.env/encours/neovim/build/CMakeFiles/CMakeTmp

Run Build Command:"/usr/bin/make" "cmTC_f6f9b/fast"
make[1] : on entre dans le répertoire « /home/toto/.env/encours/neovim/build/CMakeFiles/CMakeTmp »
/usr/bin/make -f CMakeFiles/cmTC_f6f9b.dir/build.make CMakeFiles/cmTC_f6f9b.dir/build
make[2] : on entre dans le répertoire « /home/toto/.env/encours/neovim/build/CMakeFiles/CMakeTmp »
Building C object CMakeFiles/cmTC_f6f9b.dir/CheckFunctionExists.c.o
/usr/bin/cc   -DCHECK_FUNCTION_EXISTS=kvm_open -g   -o CMakeFiles/cmTC_f6f9b.dir/CheckFunctionExists.c.o   -c /usr/share/cmake-3.10/Modules/CheckFunctionExists.c
Linking C executable cmTC_f6f9b
/usr/bin/cmake -E cmake_link_script CMakeFiles/cmTC_f6f9b.dir/link.txt --verbose=1
/usr/bin/cc  -DCHECK_FUNCTION_EXISTS=kvm_open -g    CMakeFiles/cmTC_f6f9b.dir/CheckFunctionExists.c.o  -o cmTC_f6f9b  -L/home/toto/.env/encours/neovim/build/CMakeFiles/CMakeTmp/kvm.h -Wl,-rpath,/home/toto/.env/encours/neovim/build/CMakeFiles/CMakeTmp/kvm.h -lkvm 
/usr/bin/ld : ne peut trouver -lkvm
collect2: error: ld returned 1 exit status
CMakeFiles/cmTC_f6f9b.dir/build.make:97: recipe for target 'cmTC_f6f9b' failed
make[2]: *** [cmTC_f6f9b] Error 1
make[2] : on quitte le répertoire « /home/toto/.env/encours/neovim/build/CMakeFiles/CMakeTmp »
Makefile:126: recipe for target 'cmTC_f6f9b/fast' failed
make[1]: *** [cmTC_f6f9b/fast] Error 2
make[1] : on quitte le répertoire « /home/toto/.env/encours/neovim/build/CMakeFiles/CMakeTmp »


Determining if the function perfstat_cpu exists in the perfstat failed with the following output:
Change Dir: /home/toto/.env/encours/neovim/build/CMakeFiles/CMakeTmp

Run Build Command:"/usr/bin/make" "cmTC_38ef2/fast"
make[1] : on entre dans le répertoire « /home/toto/.env/encours/neovim/build/CMakeFiles/CMakeTmp »
/usr/bin/make -f CMakeFiles/cmTC_38ef2.dir/build.make CMakeFiles/cmTC_38ef2.dir/build
make[2] : on entre dans le répertoire « /home/toto/.env/encours/neovim/build/CMakeFiles/CMakeTmp »
Building C object CMakeFiles/cmTC_38ef2.dir/CheckFunctionExists.c.o
/usr/bin/cc   -DCHECK_FUNCTION_EXISTS=perfstat_cpu -g   -o CMakeFiles/cmTC_38ef2.dir/CheckFunctionExists.c.o   -c /usr/share/cmake-3.10/Modules/CheckFunctionExists.c
Linking C executable cmTC_38ef2
/usr/bin/cmake -E cmake_link_script CMakeFiles/cmTC_38ef2.dir/link.txt --verbose=1
/usr/bin/cc  -DCHECK_FUNCTION_EXISTS=perfstat_cpu -g    CMakeFiles/cmTC_38ef2.dir/CheckFunctionExists.c.o  -o cmTC_38ef2  -L/home/toto/.env/encours/neovim/build/CMakeFiles/CMakeTmp/libperfstat.h -Wl,-rpath,/home/toto/.env/encours/neovim/build/CMakeFiles/CMakeTmp/libperfstat.h -lperfstat 
/usr/bin/ld : ne peut trouver -lperfstat
collect2: error: ld returned 1 exit status
CMakeFiles/cmTC_38ef2.dir/build.make:97: recipe for target 'cmTC_38ef2' failed
make[2]: *** [cmTC_38ef2] Error 1
make[2] : on quitte le répertoire « /home/toto/.env/encours/neovim/build/CMakeFiles/CMakeTmp »
Makefile:126: recipe for target 'cmTC_38ef2/fast' failed
make[1]: *** [cmTC_38ef2/fast] Error 2
make[1] : on quitte le répertoire « /home/toto/.env/encours/neovim/build/CMakeFiles/CMakeTmp »


Determining if the function sendfile exists in the sendfile failed with the following output:
Change Dir: /home/toto/.env/encours/neovim/build/CMakeFiles/CMakeTmp

Run Build Command:"/usr/bin/make" "cmTC_5ca10/fast"
make[1] : on entre dans le répertoire « /home/toto/.env/encours/neovim/build/CMakeFiles/CMakeTmp »
/usr/bin/make -f CMakeFiles/cmTC_5ca10.dir/build.make CMakeFiles/cmTC_5ca10.dir/build
make[2] : on entre dans le répertoire « /home/toto/.env/encours/neovim/build/CMakeFiles/CMakeTmp »
Building C object CMakeFiles/cmTC_5ca10.dir/CheckFunctionExists.c.o
/usr/bin/cc   -DCHECK_FUNCTION_EXISTS=sendfile -g   -o CMakeFiles/cmTC_5ca10.dir/CheckFunctionExists.c.o   -c /usr/share/cmake-3.10/Modules/CheckFunctionExists.c
Linking C executable cmTC_5ca10
/usr/bin/cmake -E cmake_link_script CMakeFiles/cmTC_5ca10.dir/link.txt --verbose=1
/usr/bin/cc  -DCHECK_FUNCTION_EXISTS=sendfile -g    CMakeFiles/cmTC_5ca10.dir/CheckFunctionExists.c.o  -o cmTC_5ca10 -lsendfile 
/usr/bin/ld : ne peut trouver -lsendfile
collect2: error: ld returned 1 exit status
CMakeFiles/cmTC_5ca10.dir/build.make:97: recipe for target 'cmTC_5ca10' failed
make[2]: *** [cmTC_5ca10] Error 1
make[2] : on quitte le répertoire « /home/toto/.env/encours/neovim/build/CMakeFiles/CMakeTmp »
Makefile:126: recipe for target 'cmTC_5ca10/fast' failed
make[1]: *** [cmTC_5ca10/fast] Error 2
make[1] : on quitte le répertoire « /home/toto/.env/encours/neovim/build/CMakeFiles/CMakeTmp »


Determining if the pthread_create exist failed with the following output:
Change Dir: /home/toto/.env/encours/neovim/build/CMakeFiles/CMakeTmp

Run Build Command:"/usr/bin/make" "cmTC_f313a/fast"
make[1] : on entre dans le répertoire « /home/toto/.env/encours/neovim/build/CMakeFiles/CMakeTmp »
/usr/bin/make -f CMakeFiles/cmTC_f313a.dir/build.make CMakeFiles/cmTC_f313a.dir/build
make[2] : on entre dans le répertoire « /home/toto/.env/encours/neovim/build/CMakeFiles/CMakeTmp »
Building C object CMakeFiles/cmTC_f313a.dir/CheckSymbolExists.c.o
/usr/bin/cc   -g   -o CMakeFiles/cmTC_f313a.dir/CheckSymbolExists.c.o   -c /home/toto/.env/encours/neovim/build/CMakeFiles/CMakeTmp/CheckSymbolExists.c
Linking C executable cmTC_f313a
/usr/bin/cmake -E cmake_link_script CMakeFiles/cmTC_f313a.dir/link.txt --verbose=1
/usr/bin/cc  -g    CMakeFiles/cmTC_f313a.dir/CheckSymbolExists.c.o  -o cmTC_f313a 
CMakeFiles/cmTC_f313a.dir/CheckSymbolExists.c.o : Dans la fonction « main » :
/home/toto/.env/encours/neovim/build/CMakeFiles/CMakeTmp/CheckSymbolExists.c:8 : référence indéfinie vers « pthread_create »
collect2: error: ld returned 1 exit status
CMakeFiles/cmTC_f313a.dir/build.make:97: recipe for target 'cmTC_f313a' failed
make[2]: *** [cmTC_f313a] Error 1
make[2] : on quitte le répertoire « /home/toto/.env/encours/neovim/build/CMakeFiles/CMakeTmp »
Makefile:126: recipe for target 'cmTC_f313a/fast' failed
make[1]: *** [cmTC_f313a/fast] Error 2
make[1] : on quitte le répertoire « /home/toto/.env/encours/neovim/build/CMakeFiles/CMakeTmp »

File /home/toto/.env/encours/neovim/build/CMakeFiles/CMakeTmp/CheckSymbolExists.c:
/* */
#include <pthread.h>

int main(int argc, char** argv)
{
  (void)argv;
#ifndef pthread_create
  return ((int*)(&pthread_create))[argc];
#else
  (void)argc;
  return 0;
#endif
}

Determining if the function pthread_create exists in the pthreads failed with the following output:
Change Dir: /home/toto/.env/encours/neovim/build/CMakeFiles/CMakeTmp

Run Build Command:"/usr/bin/make" "cmTC_594db/fast"
make[1] : on entre dans le répertoire « /home/toto/.env/encours/neovim/build/CMakeFiles/CMakeTmp »
/usr/bin/make -f CMakeFiles/cmTC_594db.dir/build.make CMakeFiles/cmTC_594db.dir/build
make[2] : on entre dans le répertoire « /home/toto/.env/encours/neovim/build/CMakeFiles/CMakeTmp »
Building C object CMakeFiles/cmTC_594db.dir/CheckFunctionExists.c.o
/usr/bin/cc   -DCHECK_FUNCTION_EXISTS=pthread_create -g   -o CMakeFiles/cmTC_594db.dir/CheckFunctionExists.c.o   -c /usr/share/cmake-3.10/Modules/CheckFunctionExists.c
Linking C executable cmTC_594db
/usr/bin/cmake -E cmake_link_script CMakeFiles/cmTC_594db.dir/link.txt --verbose=1
/usr/bin/cc  -DCHECK_FUNCTION_EXISTS=pthread_create -g    CMakeFiles/cmTC_594db.dir/CheckFunctionExists.c.o  -o cmTC_594db -lpthreads 
/usr/bin/ld : ne peut trouver -lpthreads
collect2: error: ld returned 1 exit status
CMakeFiles/cmTC_594db.dir/build.make:97: recipe for target 'cmTC_594db' failed
make[2]: *** [cmTC_594db] Error 1
make[2] : on quitte le répertoire « /home/toto/.env/encours/neovim/build/CMakeFiles/CMakeTmp »
Makefile:126: recipe for target 'cmTC_594db/fast' failed
make[1]: *** [cmTC_594db/fast] Error 2
make[1] : on quitte le répertoire « /home/toto/.env/encours/neovim/build/CMakeFiles/CMakeTmp »


Performing C SOURCE FILE Test HAS_WSTATIC_IN_INLINE failed with the following output:
Change Dir: /home/toto/.env/encours/neovim/build/CMakeFiles/CMakeTmp

Run Build Command:"/usr/bin/make" "cmTC_9dc4a/fast"
make[1]: Entering directory '/home/toto/.env/encours/neovim/build/CMakeFiles/CMakeTmp'
/usr/bin/make -f CMakeFiles/cmTC_9dc4a.dir/build.make CMakeFiles/cmTC_9dc4a.dir/build
make[2]: Entering directory '/home/toto/.env/encours/neovim/build/CMakeFiles/CMakeTmp'
Building C object CMakeFiles/cmTC_9dc4a.dir/src.c.o
/usr/bin/cc   -DHAS_WSTATIC_IN_INLINE -g   -Wstatic-in-inline -o CMakeFiles/cmTC_9dc4a.dir/src.c.o   -c /home/toto/.env/encours/neovim/build/CMakeFiles/CMakeTmp/src.c
cc: error: unrecognized command line option '-Wstatic-in-inline'; did you mean '--warn-inline'?
CMakeFiles/cmTC_9dc4a.dir/build.make:65: recipe for target 'CMakeFiles/cmTC_9dc4a.dir/src.c.o' failed
make[2]: *** [CMakeFiles/cmTC_9dc4a.dir/src.c.o] Error 1
make[2]: Leaving directory '/home/toto/.env/encours/neovim/build/CMakeFiles/CMakeTmp'
Makefile:126: recipe for target 'cmTC_9dc4a/fast' failed
make[1]: *** [cmTC_9dc4a/fast] Error 2
make[1]: Leaving directory '/home/toto/.env/encours/neovim/build/CMakeFiles/CMakeTmp'

Source file was:
int main(void) { return 0; }
Determining if the _NSGetEnviron exist failed with the following output:
Change Dir: /home/toto/.env/encours/neovim/build/CMakeFiles/CMakeTmp

Run Build Command:"/usr/bin/make" "cmTC_22fa4/fast"
make[1] : on entre dans le répertoire « /home/toto/.env/encours/neovim/build/CMakeFiles/CMakeTmp »
/usr/bin/make -f CMakeFiles/cmTC_22fa4.dir/build.make CMakeFiles/cmTC_22fa4.dir/build
make[2] : on entre dans le répertoire « /home/toto/.env/encours/neovim/build/CMakeFiles/CMakeTmp »
Building C object CMakeFiles/cmTC_22fa4.dir/CheckSymbolExists.c.o
/usr/bin/cc   -g   -o CMakeFiles/cmTC_22fa4.dir/CheckSymbolExists.c.o   -c /home/toto/.env/encours/neovim/build/CMakeFiles/CMakeTmp/CheckSymbolExists.c
/home/toto/.env/encours/neovim/build/CMakeFiles/CMakeTmp/CheckSymbolExists.c:2:10: fatal error: crt_externs.h: Aucun fichier ou dossier de ce type
 #include <crt_externs.h>
          ^~~~~~~~~~~~~~~
compilation terminated.
CMakeFiles/cmTC_22fa4.dir/build.make:65: recipe for target 'CMakeFiles/cmTC_22fa4.dir/CheckSymbolExists.c.o' failed
make[2]: *** [CMakeFiles/cmTC_22fa4.dir/CheckSymbolExists.c.o] Error 1
make[2] : on quitte le répertoire « /home/toto/.env/encours/neovim/build/CMakeFiles/CMakeTmp »
Makefile:126: recipe for target 'cmTC_22fa4/fast' failed
make[1]: *** [cmTC_22fa4/fast] Error 2
make[1] : on quitte le répertoire « /home/toto/.env/encours/neovim/build/CMakeFiles/CMakeTmp »

File /home/toto/.env/encours/neovim/build/CMakeFiles/CMakeTmp/CheckSymbolExists.c:
/* */
#include <crt_externs.h>

int main(int argc, char** argv)
{
  (void)argv;
#ifndef _NSGetEnviron
  return ((int*)(&_NSGetEnviron))[argc];
#else
  (void)argc;
  return 0;
#endif
}

Determining if files sys/endian.h exist failed with the following output:
Change Dir: /home/toto/.env/encours/neovim/build/CMakeFiles/CMakeTmp

Run Build Command:"/usr/bin/make" "cmTC_aa308/fast"
make[1] : on entre dans le répertoire « /home/toto/.env/encours/neovim/build/CMakeFiles/CMakeTmp »
/usr/bin/make -f CMakeFiles/cmTC_aa308.dir/build.make CMakeFiles/cmTC_aa308.dir/build
make[2] : on entre dans le répertoire « /home/toto/.env/encours/neovim/build/CMakeFiles/CMakeTmp »
Building C object CMakeFiles/cmTC_aa308.dir/CheckIncludeFiles.c.o
/usr/bin/cc   -g   -o CMakeFiles/cmTC_aa308.dir/CheckIncludeFiles.c.o   -c /home/toto/.env/encours/neovim/build/CMakeFiles/CMakeTmp/CheckIncludeFiles.c
/home/toto/.env/encours/neovim/build/CMakeFiles/CMakeTmp/CheckIncludeFiles.c:2:10: fatal error: sys/endian.h: Aucun fichier ou dossier de ce type
 #include <sys/endian.h>
          ^~~~~~~~~~~~~~
compilation terminated.
CMakeFiles/cmTC_aa308.dir/build.make:65: recipe for target 'CMakeFiles/cmTC_aa308.dir/CheckIncludeFiles.c.o' failed
make[2]: *** [CMakeFiles/cmTC_aa308.dir/CheckIncludeFiles.c.o] Error 1
make[2] : on quitte le répertoire « /home/toto/.env/encours/neovim/build/CMakeFiles/CMakeTmp »
Makefile:126: recipe for target 'cmTC_aa308/fast' failed
make[1]: *** [cmTC_aa308/fast] Error 2
make[1] : on quitte le répertoire « /home/toto/.env/encours/neovim/build/CMakeFiles/CMakeTmp »

Source:
/* */
#include <sys/endian.h>


int main(void){return 0;}

